[debug] [2017-08-25T01:17:31.720Z] ----------------------------------------------------------------------
[debug] [2017-08-25T01:17:31.722Z] Command:       C:\Program Files\nodejs\node.exe C:\Users\Oleg\AppData\Roaming\npm\node_modules\firebase-tools\bin\firebase init
[debug] [2017-08-25T01:17:31.723Z] CLI Version:   3.9.2
[debug] [2017-08-25T01:17:31.723Z] Platform:      win32
[debug] [2017-08-25T01:17:31.723Z] Node Version:  v7.4.0
[debug] [2017-08-25T01:17:31.723Z] Time:          Fri Aug 25 2017 04:17:31 GMT+0300 (Финляндия (лето))
[debug] [2017-08-25T01:17:31.723Z] ----------------------------------------------------------------------
[debug] 
[debug] [2017-08-25T01:17:31.730Z] > command requires scopes: ["email","openid","https://www.googleapis.com/auth/cloudplatformprojects.readonly","https://www.googleapis.com/auth/firebase"]
[debug] [2017-08-25T01:17:31.730Z] > authorizing via signed-in user
[info] 
     ######## #### ########  ######## ########     ###     ######  ########
     ##        ##  ##     ## ##       ##     ##  ##   ##  ##       ##
     ######    ##  ########  ######   ########  #########  ######  ######
     ##        ##  ##    ##  ##       ##     ## ##     ##       ## ##
     ##       #### ##     ## ######## ########  ##     ##  ######  ########

You're about to initialize a Firebase project in this directory:

  C:\Users\Oleg\Desktop\dist

[info] 
=== Project Setup
[info] 
[info] First, let's associate this project directory with a Firebase project.
[info] You can create multiple project aliases by running firebase use --add, 
[info] but for now we'll just set up a default project.
[info] 
[debug] [2017-08-25T01:18:49.731Z] > refreshing access token with scopes: ["email","https://www.googleapis.com/auth/cloudplatformprojects.readonly","https://www.googleapis.com/auth/firebase","openid"]
[debug] [2017-08-25T01:18:49.731Z] >>> HTTP REQUEST POST https://www.googleapis.com/oauth2/v3/token { refresh_token: '1/eeZiV7FkwII3KAmB782wlHXfrLpoPBWivt_D6Kv7-fIwWpXy8CLcBMizsJ4vQAWK',
  client_id: '563584335869-fgrhgmd47bqnekij5i8b5pr03ho849e6.apps.googleusercontent.com',
  client_secret: 'j9iVZfS8kkCEFUPaAeJV0sAi',
  grant_type: 'refresh_token',
  scope: 'email https://www.googleapis.com/auth/cloudplatformprojects.readonly https://www.googleapis.com/auth/firebase openid' } 
 Fri Aug 25 2017 04:18:49 GMT+0300 (Финляндия (лето))
[debug] [2017-08-25T01:18:49.911Z] <<< HTTP RESPONSE 200
[debug] [2017-08-25T01:18:49.921Z] >>> HTTP REQUEST GET https://admin.firebase.com/v1/projects  
 Fri Aug 25 2017 04:18:49 GMT+0300 (Финляндия (лето))
[debug] [2017-08-25T01:18:50.782Z] <<< HTTP RESPONSE 200
[info] 
=== Hosting Setup
[info] 
[info] Your public directory is the folder (relative to your project directory) that
[info] will contain Hosting assets to be uploaded with firebase deploy. If you
[info] have a build process for your assets, use your build's output directory.
[info] 
